-------------------------------------------------------------------------------
Test set: com.docencia.arrays.ejercicio9.Ejercicio9Test
-------------------------------------------------------------------------------
Tests run: 7, Failures: 0, Errors: 7, Skipped: 0, Time elapsed: 0.040 s <<< FAILURE! -- in com.docencia.arrays.ejercicio9.Ejercicio9Test
com.docencia.arrays.ejercicio9.Ejercicio9Test.arrayConNumerosTest -- Time elapsed: 0.004 s <<< ERROR!
java.lang.UnsupportedOperationException: No implementado
	at com.docencia.arrays.ejercicio9.Ejercicio9.concatenarConGuion(Ejercicio9.java:8)
	at com.docencia.arrays.ejercicio9.Ejercicio9Test.arrayConNumerosTest(Ejercicio9Test.java:43)
	at java.base/java.lang.reflect.Method.invoke(Method.java:569)
	at java.base/java.util.ArrayList.forEach(ArrayList.java:1511)
	at java.base/java.util.ArrayList.forEach(ArrayList.java:1511)

com.docencia.arrays.ejercicio9.Ejercicio9Test.arrayConVariosElementosTest -- Time elapsed: 0.001 s <<< ERROR!
java.lang.UnsupportedOperationException: No implementado
	at com.docencia.arrays.ejercicio9.Ejercicio9.concatenarConGuion(Ejercicio9.java:8)
	at com.docencia.arrays.ejercicio9.Ejercicio9Test.arrayConVariosElementosTest(Ejercicio9Test.java:30)
	at java.base/java.lang.reflect.Method.invoke(Method.java:569)
	at java.base/java.util.ArrayList.forEach(ArrayList.java:1511)
	at java.base/java.util.ArrayList.forEach(ArrayList.java:1511)

com.docencia.arrays.ejercicio9.Ejercicio9Test.arraysVaciosTest -- Time elapsed: 0.008 s <<< ERROR!
java.lang.UnsupportedOperationException: No implementado
	at com.docencia.arrays.ejercicio9.Ejercicio9.concatenarConGuion(Ejercicio9.java:8)
	at com.docencia.arrays.ejercicio9.Ejercicio9Test.arraysVaciosTest(Ejercicio9Test.java:14)
	at java.base/java.lang.reflect.Method.invoke(Method.java:569)
	at java.base/java.util.ArrayList.forEach(ArrayList.java:1511)
	at java.base/java.util.ArrayList.forEach(ArrayList.java:1511)

com.docencia.arrays.ejercicio9.Ejercicio9Test.nullDebeDevolverVacioTest -- Time elapsed: 0.001 s <<< ERROR!
java.lang.UnsupportedOperationException: No implementado
	at com.docencia.arrays.ejercicio9.Ejercicio9.concatenarConGuion(Ejercicio9.java:8)
	at com.docencia.arrays.ejercicio9.Ejercicio9Test.nullDebeDevolverVacioTest(Ejercicio9Test.java:19)
	at java.base/java.lang.reflect.Method.invoke(Method.java:569)
	at java.base/java.util.ArrayList.forEach(ArrayList.java:1511)
	at java.base/java.util.ArrayList.forEach(ArrayList.java:1511)

com.docencia.arrays.ejercicio9.Ejercicio9Test.arrayConElementosVaciosONullTest -- Time elapsed: 0.004 s <<< ERROR!
java.lang.UnsupportedOperationException: No implementado
	at com.docencia.arrays.ejercicio9.Ejercicio9.concatenarConGuion(Ejercicio9.java:8)
	at com.docencia.arrays.ejercicio9.Ejercicio9Test.arrayConElementosVaciosONullTest(Ejercicio9Test.java:36)
	at java.base/java.lang.reflect.Method.invoke(Method.java:569)
	at java.base/java.util.ArrayList.forEach(ArrayList.java:1511)
	at java.base/java.util.ArrayList.forEach(ArrayList.java:1511)

com.docencia.arrays.ejercicio9.Ejercicio9Test.concatenaCorrectamenteTest -- Time elapsed: 0.001 s <<< ERROR!
java.lang.UnsupportedOperationException: No implementado
	at com.docencia.arrays.ejercicio9.Ejercicio9.concatenarConGuion(Ejercicio9.java:8)
	at com.docencia.arrays.ejercicio9.Ejercicio9Test.concatenaCorrectamenteTest(Ejercicio9Test.java:9)
	at java.base/java.lang.reflect.Method.invoke(Method.java:569)
	at java.base/java.util.ArrayList.forEach(ArrayList.java:1511)
	at java.base/java.util.ArrayList.forEach(ArrayList.java:1511)

com.docencia.arrays.ejercicio9.Ejercicio9Test.arrayConUnElementoTest -- Time elapsed: 0.001 s <<< ERROR!
java.lang.UnsupportedOperationException: No implementado
	at com.docencia.arrays.ejercicio9.Ejercicio9.concatenarConGuion(Ejercicio9.java:8)
	at com.docencia.arrays.ejercicio9.Ejercicio9Test.arrayConUnElementoTest(Ejercicio9Test.java:24)
	at java.base/java.lang.reflect.Method.invoke(Method.java:569)
	at java.base/java.util.ArrayList.forEach(ArrayList.java:1511)
	at java.base/java.util.ArrayList.forEach(ArrayList.java:1511)

