-------------------------------------------------------------------------------
Test set: com.docencia.composicion.ejercicio10.Ejercicio10Test
-------------------------------------------------------------------------------
Tests run: 13, Failures: 7, Errors: 2, Skipped: 0, Time elapsed: 0.071 s <<< FAILURE! -- in com.docencia.composicion.ejercicio10.Ejercicio10Test
com.docencia.composicion.ejercicio10.Ejercicio10Test.crearProyecto_conNombreValido_debeRetornarProyecto -- Time elapsed: 0 s <<< FAILURE!
org.opentest4j.AssertionFailedError: expected: <Proyecto A> but was: < Proyecto A >
	at org.junit.jupiter.api.AssertionFailureBuilder.build(AssertionFailureBuilder.java:151)
	at org.junit.jupiter.api.AssertionFailureBuilder.buildAndThrow(AssertionFailureBuilder.java:132)
	at org.junit.jupiter.api.AssertEquals.failNotEqual(AssertEquals.java:197)
	at org.junit.jupiter.api.AssertEquals.assertEquals(AssertEquals.java:182)
	at org.junit.jupiter.api.AssertEquals.assertEquals(AssertEquals.java:177)
	at org.junit.jupiter.api.Assertions.assertEquals(Assertions.java:1145)
	at com.docencia.composicion.ejercicio10.Ejercicio10Test.crearProyecto_conNombreValido_debeRetornarProyecto(Ejercicio10Test.java:15)
	at java.base/java.lang.reflect.Method.invoke(Method.java:569)
	at java.base/java.util.ArrayList.forEach(ArrayList.java:1511)
	at java.base/java.util.ArrayList.forEach(ArrayList.java:1511)

com.docencia.composicion.ejercicio10.Ejercicio10Test.anadirTareaAProyecto_conProyectoExistenteYNombreValido_debeRetornarTrue -- Time elapsed: 0.001 s <<< FAILURE!
org.opentest4j.AssertionFailedError: expected: <true> but was: <false>
	at org.junit.jupiter.api.AssertionFailureBuilder.build(AssertionFailureBuilder.java:151)
	at org.junit.jupiter.api.AssertionFailureBuilder.buildAndThrow(AssertionFailureBuilder.java:132)
	at org.junit.jupiter.api.AssertTrue.failNotTrue(AssertTrue.java:63)
	at org.junit.jupiter.api.AssertTrue.assertTrue(AssertTrue.java:36)
	at org.junit.jupiter.api.AssertTrue.assertTrue(AssertTrue.java:31)
	at org.junit.jupiter.api.Assertions.assertTrue(Assertions.java:183)
	at com.docencia.composicion.ejercicio10.Ejercicio10Test.anadirTareaAProyecto_conProyectoExistenteYNombreValido_debeRetornarTrue(Ejercicio10Test.java:44)
	at java.base/java.lang.reflect.Method.invoke(Method.java:569)
	at java.base/java.util.ArrayList.forEach(ArrayList.java:1511)
	at java.base/java.util.ArrayList.forEach(ArrayList.java:1511)

com.docencia.composicion.ejercicio10.Ejercicio10Test.crearProyecto_conNombreVacioODescuidad_debeRetornarNull -- Time elapsed: 0.002 s <<< FAILURE!
org.opentest4j.AssertionFailedError: expected: <null> but was: <com.docencia.composicion.ejercicio10.Proyecto@6069db50>
	at org.junit.jupiter.api.AssertionFailureBuilder.build(AssertionFailureBuilder.java:151)
	at org.junit.jupiter.api.AssertionFailureBuilder.buildAndThrow(AssertionFailureBuilder.java:132)
	at org.junit.jupiter.api.AssertNull.failNotNull(AssertNull.java:50)
	at org.junit.jupiter.api.AssertNull.assertNull(AssertNull.java:35)
	at org.junit.jupiter.api.AssertNull.assertNull(AssertNull.java:30)
	at org.junit.jupiter.api.Assertions.assertNull(Assertions.java:279)
	at com.docencia.composicion.ejercicio10.Ejercicio10Test.crearProyecto_conNombreVacioODescuidad_debeRetornarNull(Ejercicio10Test.java:25)
	at java.base/java.lang.reflect.Method.invoke(Method.java:569)
	at java.base/java.util.ArrayList.forEach(ArrayList.java:1511)
	at java.base/java.util.ArrayList.forEach(ArrayList.java:1511)

com.docencia.composicion.ejercicio10.Ejercicio10Test.anadirTareaAProyecto_elNombreDelProyectoDebeSerCaseInsensitive -- Time elapsed: 0.005 s <<< FAILURE!
org.opentest4j.AssertionFailedError: expected: <true> but was: <false>
	at org.junit.jupiter.api.AssertionFailureBuilder.build(AssertionFailureBuilder.java:151)
	at org.junit.jupiter.api.AssertionFailureBuilder.buildAndThrow(AssertionFailureBuilder.java:132)
	at org.junit.jupiter.api.AssertTrue.failNotTrue(AssertTrue.java:63)
	at org.junit.jupiter.api.AssertTrue.assertTrue(AssertTrue.java:36)
	at org.junit.jupiter.api.AssertTrue.assertTrue(AssertTrue.java:31)
	at org.junit.jupiter.api.Assertions.assertTrue(Assertions.java:183)
	at com.docencia.composicion.ejercicio10.Ejercicio10Test.anadirTareaAProyecto_elNombreDelProyectoDebeSerCaseInsensitive(Ejercicio10Test.java:53)
	at java.base/java.lang.reflect.Method.invoke(Method.java:569)
	at java.base/java.util.ArrayList.forEach(ArrayList.java:1511)
	at java.base/java.util.ArrayList.forEach(ArrayList.java:1511)

com.docencia.composicion.ejercicio10.Ejercicio10Test.crearProyecto_nombreDebeSerTrimmeado -- Time elapsed: 0.002 s <<< FAILURE!
org.opentest4j.AssertionFailedError: expected: <Proyecto con espacios> but was: < Proyecto con espacios >
	at org.junit.jupiter.api.AssertionFailureBuilder.build(AssertionFailureBuilder.java:151)
	at org.junit.jupiter.api.AssertionFailureBuilder.buildAndThrow(AssertionFailureBuilder.java:132)
	at org.junit.jupiter.api.AssertEquals.failNotEqual(AssertEquals.java:197)
	at org.junit.jupiter.api.AssertEquals.assertEquals(AssertEquals.java:182)
	at org.junit.jupiter.api.AssertEquals.assertEquals(AssertEquals.java:177)
	at org.junit.jupiter.api.Assertions.assertEquals(Assertions.java:1145)
	at com.docencia.composicion.ejercicio10.Ejercicio10Test.crearProyecto_nombreDebeSerTrimmeado(Ejercicio10Test.java:36)
	at java.base/java.lang.reflect.Method.invoke(Method.java:569)
	at java.base/java.util.ArrayList.forEach(ArrayList.java:1511)
	at java.base/java.util.ArrayList.forEach(ArrayList.java:1511)

com.docencia.composicion.ejercicio10.Ejercicio10Test.anadirTareaAProyecto_conEspaciosEnNombreProyecto_debeFuncionar -- Time elapsed: 0.004 s <<< FAILURE!
org.opentest4j.AssertionFailedError: expected: <true> but was: <false>
	at org.junit.jupiter.api.AssertionFailureBuilder.build(AssertionFailureBuilder.java:151)
	at org.junit.jupiter.api.AssertionFailureBuilder.buildAndThrow(AssertionFailureBuilder.java:132)
	at org.junit.jupiter.api.AssertTrue.failNotTrue(AssertTrue.java:63)
	at org.junit.jupiter.api.AssertTrue.assertTrue(AssertTrue.java:36)
	at org.junit.jupiter.api.AssertTrue.assertTrue(AssertTrue.java:31)
	at org.junit.jupiter.api.Assertions.assertTrue(Assertions.java:183)
	at com.docencia.composicion.ejercicio10.Ejercicio10Test.anadirTareaAProyecto_conEspaciosEnNombreProyecto_debeFuncionar(Ejercicio10Test.java:83)
	at java.base/java.lang.reflect.Method.invoke(Method.java:569)
	at java.base/java.util.ArrayList.forEach(ArrayList.java:1511)
	at java.base/java.util.ArrayList.forEach(ArrayList.java:1511)

com.docencia.composicion.ejercicio10.Ejercicio10Test.contarTareasPendientes_debeContarSoloTareasNoCompletadas -- Time elapsed: 0.001 s <<< ERROR!
java.lang.IndexOutOfBoundsException: Index 0 out of bounds for length 0
	at java.base/jdk.internal.util.Preconditions.outOfBounds(Preconditions.java:64)
	at java.base/jdk.internal.util.Preconditions.outOfBoundsCheckIndex(Preconditions.java:70)
	at java.base/jdk.internal.util.Preconditions.checkIndex(Preconditions.java:266)
	at java.base/java.util.Objects.checkIndex(Objects.java:361)
	at java.base/java.util.ArrayList.get(ArrayList.java:427)
	at com.docencia.composicion.ejercicio10.Ejercicio10Test.contarTareasPendientes_debeContarSoloTareasNoCompletadas(Ejercicio10Test.java:95)
	at java.base/java.lang.reflect.Method.invoke(Method.java:569)
	at java.base/java.util.ArrayList.forEach(ArrayList.java:1511)
	at java.base/java.util.ArrayList.forEach(ArrayList.java:1511)

com.docencia.composicion.ejercicio10.Ejercicio10Test.contarTareasPendientes_conEspaciosEnNombreProyecto_debeFuncionar -- Time elapsed: 0.002 s <<< FAILURE!
org.opentest4j.AssertionFailedError: expected: <2> but was: <0>
	at org.junit.jupiter.api.AssertionFailureBuilder.build(AssertionFailureBuilder.java:151)
	at org.junit.jupiter.api.AssertionFailureBuilder.buildAndThrow(AssertionFailureBuilder.java:132)
	at org.junit.jupiter.api.AssertEquals.failNotEqual(AssertEquals.java:197)
	at org.junit.jupiter.api.AssertEquals.assertEquals(AssertEquals.java:150)
	at org.junit.jupiter.api.AssertEquals.assertEquals(AssertEquals.java:145)
	at org.junit.jupiter.api.Assertions.assertEquals(Assertions.java:531)
	at com.docencia.composicion.ejercicio10.Ejercicio10Test.contarTareasPendientes_conEspaciosEnNombreProyecto_debeFuncionar(Ejercicio10Test.java:117)
	at java.base/java.lang.reflect.Method.invoke(Method.java:569)
	at java.base/java.util.ArrayList.forEach(ArrayList.java:1511)
	at java.base/java.util.ArrayList.forEach(ArrayList.java:1511)

com.docencia.composicion.ejercicio10.Ejercicio10Test.tareasDebenMarcarseComoCompletadasCorrectamente -- Time elapsed: 0.002 s <<< ERROR!
java.lang.IndexOutOfBoundsException: Index 0 out of bounds for length 0
	at java.base/jdk.internal.util.Preconditions.outOfBounds(Preconditions.java:64)
	at java.base/jdk.internal.util.Preconditions.outOfBoundsCheckIndex(Preconditions.java:70)
	at java.base/jdk.internal.util.Preconditions.checkIndex(Preconditions.java:266)
	at java.base/java.util.Objects.checkIndex(Objects.java:361)
	at java.base/java.util.ArrayList.get(ArrayList.java:427)
	at com.docencia.composicion.ejercicio10.Ejercicio10Test.tareasDebenMarcarseComoCompletadasCorrectamente(Ejercicio10Test.java:126)
	at java.base/java.lang.reflect.Method.invoke(Method.java:569)
	at java.base/java.util.ArrayList.forEach(ArrayList.java:1511)
	at java.base/java.util.ArrayList.forEach(ArrayList.java:1511)

